<?xml version="1.0" encoding="UTF-8"?>
<testsuite xmlns:xsi="http://www.w3.org/2001/XMLSchema-instance" xsi:noNamespaceSchemaLocation="https://maven.apache.org/surefire/maven-surefire-plugin/xsd/surefire-test-report.xsd" name="com.example.bookStorageService.services.BookServiceTest" time="0.462" tests="5" errors="0" skipped="0" failures="0">
  <properties>
[...]
</properties>
  <testcase name="testAddBook" classname="com.example.bookStorageService.services.BookServiceTest" time="0.444"/>
  <testcase name="testGetAllBooks" classname="com.example.bookStorageService.services.BookServiceTest" time="0.002"/>
  <testcase name="testUpdateBook" classname="com.example.bookStorageService.services.BookServiceTest" time="0.004"/>
  <testcase name="testGetBookById" classname="com.example.bookStorageService.services.BookServiceTest" time="0.002"/>
  <testcase name="testDeleteBook" classname="com.example.bookStorageService.services.BookServiceTest" time="0.002"/>
</testsuite>